AB: 0.840%
AG: 0.840%
AI: 0.840%
AN: 2.521%
AT: 0.840%
AZ: 0.840%
BE: 0.840%
BO: 0.840%
BR: 0.840%
CE: 0.840%
CK: 0.840%
CO: 0.840%
CT: 0.840%
DO: 1.681%
ED: 0.840%
EL: 0.840%
EN: 2.521%
ER: 3.361%
ET: 1.681%
EV: 1.681%
EY: 0.840%
FO: 1.681%
GE: 1.681%
GL: 0.840%
GN: 0.840%
GU: 0.840%
HE: 4.202%
IC: 0.840%
IG: 0.840%
IN: 1.681%
IO: 0.840%
IS: 0.840%
JU: 0.840%
LA: 1.681%
LE: 1.681%
LI: 0.840%
MB: 0.840%
MP: 0.840%
NC: 1.681%
ND: 0.840%
NG: 1.681%
NO: 1.681%
NS: 0.840%
NT: 3.361%
NU: 0.840%
OG: 0.840%
ON: 2.521%
OR: 1.681%
OT: 0.840%
OV: 1.681%
OW: 0.840%
OX: 0.840%
PS: 0.840%
PU: 0.840%
QU: 0.840%
RE: 3.361%
RG: 0.840%
RO: 0.840%
RS: 0.840%
RY: 0.840%
SE: 0.840%
SH: 0.840%
TA: 0.840%
TE: 1.681%
TH: 4.202%
TI: 0.840%
TO: 0.840%
TT: 0.840%
TU: 0.840%
UA: 1.681%
UI: 0.840%
UM: 1.681%
UN: 0.840%
VA: 0.840%
VE: 2.521%
WN: 0.840%
YR: 0.840%
ZY: 0.840%
ABO: 1.124%
AGE: 1.124%
AIN: 1.124%
AND: 1.124%
ANG: 1.124%
ANT: 1.124%
ATI: 1.124%
AZY: 1.124%
BER: 1.124%
BOV: 1.124%
BRO: 1.124%
CON: 1.124%
CTU: 1.124%
DOG: 1.124%
DON: 1.124%
ELE: 1.124%
ENC: 1.124%
ENG: 1.124%
ENT: 1.124%
ERS: 1.124%
ERY: 1.124%
ETT: 1.124%
EVA: 1.124%
EVE: 1.124%
EYR: 1.124%
FOR: 1.124%
FOX: 1.124%
GET: 1.124%
GLI: 1.124%
GNO: 1.124%
GUA: 1.124%
HEY: 1.124%
ICK: 1.124%
IGN: 1.124%
INS: 1.124%
ION: 1.124%
ISH: 1.124%
JUM: 1.124%
LAN: 1.124%
LAZ: 1.124%
LET: 1.124%
LEV: 1.124%
LIS: 1.124%
MBE: 1.124%
MPS: 1.124%
NCE: 1.124%
NCT: 1.124%
NGL: 1.124%
NGU: 1.124%
NOR: 1.124%
NOT: 1.124%
NTA: 1.124%
NTE: 1.124%
NUM: 1.124%
ONT: 2.247%
ORE: 1.124%
ORG: 1.124%
OVE: 2.247%
OWN: 1.124%
PUN: 1.124%
QUI: 1.124%
RED: 1.124%
REL: 1.124%
RGE: 1.124%
ROW: 1.124%
SEN: 1.124%
TAI: 1.124%
TEN: 1.124%
TER: 1.124%
THE: 5.618%
TIO: 1.124%
TTE: 1.124%
TUA: 1.124%
UAG: 1.124%
UAT: 1.124%
UIC: 1.124%
UMB: 1.124%
UMP: 1.124%
UNC: 1.124%
VAN: 1.124%
VER: 2.247%
YRE: 1.124%
